Wiping out workspace first.
Cloning the remote Git repository
Cloning repository https://github.com/mahanhz/activities-config-microservice.git
 > git init /var/lib/jenkins/workspace/Activities-config-pipeline # timeout=10
Fetching upstream changes from https://github.com/mahanhz/activities-config-microservice.git
 > git --version # timeout=10
using .gitcredentials to set credentials
 > git config --local credential.username mahanhz # timeout=10
 > git config --local credential.helper store --file=/tmp/git7474117871401579970.credentials # timeout=10
 > git -c core.askpass=true fetch --tags --progress https://github.com/mahanhz/activities-config-microservice.git +refs/heads/*:refs/remotes/origin/*
 > git config --local --remove-section credential # timeout=10
 > git config remote.origin.url https://github.com/mahanhz/activities-config-microservice.git # timeout=10
 > git config --add remote.origin.fetch +refs/heads/*:refs/remotes/origin/* # timeout=10
 > git config remote.origin.url https://github.com/mahanhz/activities-config-microservice.git # timeout=10
Fetching upstream changes from https://github.com/mahanhz/activities-config-microservice.git
using .gitcredentials to set credentials
 > git config --local credential.username mahanhz # timeout=10
 > git config --local credential.helper store --file=/tmp/git2150123693833501472.credentials # timeout=10
 > git -c core.askpass=true fetch --tags --progress https://github.com/mahanhz/activities-config-microservice.git +refs/heads/*:refs/remotes/origin/*
 > git config --local --remove-section credential # timeout=10
Seen branch in repository origin/master
Seen branch in repository origin/mhz-1.0.0
Seen 2 remote branches
Checking out Revision 5d686882c42949768c14427fca63dbc96ec8f5a4 (origin/mhz-1.0.0)
 > git config core.sparsecheckout # timeout=10
 > git checkout -f 5d686882c42949768c14427fca63dbc96ec8f5a4
