Wiping out workspace first.
Cloning the remote Git repository
Cloning repository https://github.com/mahanhz/activities-config-microservice.git
 > git init /var/lib/jenkins/workspace/Activities-config-pipeline # timeout=10
Fetching upstream changes from https://github.com/mahanhz/activities-config-microservice.git
 > git --version # timeout=10
using .gitcredentials to set credentials
 > git config --local credential.username mahanhz # timeout=10
 > git config --local credential.helper store --file=/tmp/git5269908896308260611.credentials # timeout=10
 > git -c core.askpass=true fetch --tags --progress https://github.com/mahanhz/activities-config-microservice.git +refs/heads/*:refs/remotes/origin/*
 > git config --local --remove-section credential # timeout=10
 > git config remote.origin.url https://github.com/mahanhz/activities-config-microservice.git # timeout=10
 > git config --add remote.origin.fetch +refs/heads/*:refs/remotes/origin/* # timeout=10
 > git config remote.origin.url https://github.com/mahanhz/activities-config-microservice.git # timeout=10
Fetching upstream changes from https://github.com/mahanhz/activities-config-microservice.git
using .gitcredentials to set credentials
 > git config --local credential.username mahanhz # timeout=10
 > git config --local credential.helper store --file=/tmp/git5019016652724648250.credentials # timeout=10
 > git -c core.askpass=true fetch --tags --progress https://github.com/mahanhz/activities-config-microservice.git +refs/heads/*:refs/remotes/origin/*
 > git config --local --remove-section credential # timeout=10
Seen branch in repository origin/master
Seen branch in repository origin/mhz-1.0.0
Seen 2 remote branches
Checking out Revision 162ea46a49c9d45dc23182b268c8916e21775038 (origin/mhz-1.0.0)
 > git config core.sparsecheckout # timeout=10
 > git checkout -f 162ea46a49c9d45dc23182b268c8916e21775038
