Wiping out workspace first.
Cloning the remote Git repository
Cloning repository https://github.com/mahanhz/activities-config-microservice.git
 > git init /var/lib/jenkins/workspace/Activities-config-deploy-production # timeout=10
Fetching upstream changes from https://github.com/mahanhz/activities-config-microservice.git
 > git --version # timeout=10
using .gitcredentials to set credentials
 > git config --local credential.username mahanhz # timeout=10
 > git config --local credential.helper store --file=/tmp/git3634865675614099039.credentials # timeout=10
 > git -c core.askpass=true fetch --tags --progress https://github.com/mahanhz/activities-config-microservice.git +refs/heads/*:refs/remotes/origin/*
 > git config --local --remove-section credential # timeout=10
 > git config remote.origin.url https://github.com/mahanhz/activities-config-microservice.git # timeout=10
 > git config --add remote.origin.fetch +refs/heads/*:refs/remotes/origin/* # timeout=10
 > git config remote.origin.url https://github.com/mahanhz/activities-config-microservice.git # timeout=10
Fetching upstream changes from https://github.com/mahanhz/activities-config-microservice.git
using .gitcredentials to set credentials
 > git config --local credential.username mahanhz # timeout=10
 > git config --local credential.helper store --file=/tmp/git7009624203920728693.credentials # timeout=10
 > git -c core.askpass=true fetch --tags --progress https://github.com/mahanhz/activities-config-microservice.git +refs/heads/*:refs/remotes/origin/*
 > git config --local --remove-section credential # timeout=10
 > git rev-parse refs/remotes/origin/master^{commit} # timeout=10
 > git rev-parse refs/remotes/origin/origin/master^{commit} # timeout=10
Checking out Revision b435af7fcd8e648aa848a82cb675f829f53aebd8 (refs/remotes/origin/master)
 > git config core.sparsecheckout # timeout=10
 > git checkout -f b435af7fcd8e648aa848a82cb675f829f53aebd8
