Cloning the remote Git repository
Cloning repository https://github.com/mahanhz/activities-config-microservice.git
 > git init /var/lib/jenkins/workspace/Activities-config-deploy-snapshot # timeout=10
Fetching upstream changes from https://github.com/mahanhz/activities-config-microservice.git
 > git --version # timeout=10
using .gitcredentials to set credentials
 > git config --local credential.username mahanhz # timeout=10
 > git config --local credential.helper store --file=/tmp/git8858338748517473410.credentials # timeout=10
 > git -c core.askpass=true fetch --tags --progress https://github.com/mahanhz/activities-config-microservice.git +refs/heads/*:refs/remotes/origin/*
 > git config --local --remove-section credential # timeout=10
 > git config remote.origin.url https://github.com/mahanhz/activities-config-microservice.git # timeout=10
 > git config --add remote.origin.fetch +refs/heads/*:refs/remotes/origin/* # timeout=10
 > git config remote.origin.url https://github.com/mahanhz/activities-config-microservice.git # timeout=10
Fetching upstream changes from https://github.com/mahanhz/activities-config-microservice.git
using .gitcredentials to set credentials
 > git config --local credential.username mahanhz # timeout=10
 > git config --local credential.helper store --file=/tmp/git422232901759638591.credentials # timeout=10
 > git -c core.askpass=true fetch --tags --progress https://github.com/mahanhz/activities-config-microservice.git +refs/heads/*:refs/remotes/origin/*
 > git config --local --remove-section credential # timeout=10
 > git rev-parse refs/remotes/origin/master^{commit} # timeout=10
 > git rev-parse refs/remotes/origin/origin/master^{commit} # timeout=10
Checking out Revision f8fb1726cf55941bf132467c86fc44ccbee365e0 (refs/remotes/origin/master)
 > git config core.sparsecheckout # timeout=10
 > git checkout -f f8fb1726cf55941bf132467c86fc44ccbee365e0
